2021-10-10 21:21:28,120 [INFO] com.joybrata.springbootpaytmpayment.SpringBootPaytmPaymentApplication [restartedMain] Starting SpringBootPaytmPaymentApplication on SSESIGHYB with PID 12544 (C:\Users\ssesh\Documents\workspace-spring-tool-suite-4-4.12.0.RELEASE\spring-boot-paytm-payment-master\target\classes started by ssesh in C:\Users\ssesh\Documents\workspace-spring-tool-suite-4-4.12.0.RELEASE\spring-boot-paytm-payment-master)
2021-10-10 21:21:28,124 [DEBUG] com.joybrata.springbootpaytmpayment.SpringBootPaytmPaymentApplication [restartedMain] Running with Spring Boot v2.3.3.RELEASE, Spring v5.2.8.RELEASE
2021-10-10 21:21:28,124 [INFO] com.joybrata.springbootpaytmpayment.SpringBootPaytmPaymentApplication [restartedMain] No active profile set, falling back to default profiles: default
2021-10-10 21:21:30,864 [INFO] org.springframework.boot.devtools.env.DevToolsPropertyDefaultsPostProcessor [restartedMain] Devtools property defaults active! Set 'spring.devtools.add-properties' to 'false' to disable
2021-10-10 21:21:30,875 [INFO] org.springframework.boot.devtools.env.DevToolsPropertyDefaultsPostProcessor [restartedMain] For additional web related logging consider setting the 'logging.level.web' property to 'DEBUG'
2021-10-10 21:21:46,949 [INFO] org.springframework.data.repository.config.RepositoryConfigurationDelegate [restartedMain] Bootstrapping Spring Data MongoDB repositories in DEFAULT mode.
2021-10-10 21:21:47,420 [INFO] org.springframework.data.repository.config.RepositoryConfigurationDelegate [restartedMain] Finished Spring Data repository scanning in 358ms. Found 0 MongoDB repository interfaces.
2021-10-10 21:21:55,618 [INFO] org.springframework.boot.web.embedded.tomcat.TomcatWebServer [restartedMain] Tomcat initialized with port(s): 9069 (http)
2021-10-10 21:21:55,737 [INFO] org.apache.catalina.core.StandardService [restartedMain] Starting service [Tomcat]
2021-10-10 21:21:55,739 [INFO] org.apache.catalina.core.StandardEngine [restartedMain] Starting Servlet engine: [Apache Tomcat/9.0.37]
2021-10-10 21:21:56,749 [INFO] org.apache.catalina.core.ContainerBase.[Tomcat].[localhost].[/] [restartedMain] Initializing Spring embedded WebApplicationContext
2021-10-10 21:21:56,750 [INFO] org.springframework.boot.web.servlet.context.ServletWebServerApplicationContext [restartedMain] Root WebApplicationContext: initialization completed in 25872 ms
2021-10-10 21:21:58,539 [INFO] org.springframework.scheduling.concurrent.ThreadPoolTaskExecutor [restartedMain] Initializing ExecutorService 'applicationTaskExecutor'
2021-10-10 21:22:00,981 [INFO] org.mongodb.driver.cluster [restartedMain] Cluster created with settings {hosts=[localhost:27017], mode=SINGLE, requiredClusterType=UNKNOWN, serverSelectionTimeout='30000 ms'}
2021-10-10 21:22:01,609 [INFO] org.mongodb.driver.cluster [cluster-ClusterId{value='61630c20372827367494fbc2', description='null'}-localhost:27017] Exception in monitor thread while connecting to server localhost:27017
com.mongodb.MongoSocketOpenException: Exception opening socket
	at com.mongodb.internal.connection.SocketStream.open(SocketStream.java:70)
	at com.mongodb.internal.connection.InternalStreamConnection.open(InternalStreamConnection.java:127)
	at com.mongodb.internal.connection.DefaultServerMonitor$ServerMonitorRunnable.run(DefaultServerMonitor.java:117)
	at java.base/java.lang.Thread.run(Thread.java:831)
Caused by: java.net.ConnectException: Connection refused: no further information
	at java.base/sun.nio.ch.Net.pollConnect(Native Method)
	at java.base/sun.nio.ch.Net.pollConnectNow(Net.java:669)
	at java.base/sun.nio.ch.NioSocketImpl.timedFinishConnect(NioSocketImpl.java:542)
	at java.base/sun.nio.ch.NioSocketImpl.connect(NioSocketImpl.java:597)
	at java.base/java.net.SocksSocketImpl.connect(SocksSocketImpl.java:333)
	at java.base/java.net.Socket.connect(Socket.java:645)
	at com.mongodb.internal.connection.SocketStreamHelper.initialize(SocketStreamHelper.java:63)
	at com.mongodb.internal.connection.SocketStream.initializeSocket(SocketStream.java:79)
	at com.mongodb.internal.connection.SocketStream.open(SocketStream.java:65)
	... 3 common frames omitted
2021-10-10 21:22:02,312 [WARN] org.springframework.boot.devtools.autoconfigure.OptionalLiveReloadServer [restartedMain] Unable to start LiveReload server
2021-10-10 21:22:03,034 [INFO] org.springframework.boot.web.embedded.tomcat.TomcatWebServer [restartedMain] Tomcat started on port(s): 9069 (http) with context path ''
2021-10-10 21:22:03,124 [INFO] com.joybrata.springbootpaytmpayment.SpringBootPaytmPaymentApplication [restartedMain] Started SpringBootPaytmPaymentApplication in 76.715 seconds (JVM running for 177.299)
2021-10-10 21:50:05,709 [INFO] org.springframework.boot.admin.SpringApplicationAdminMXBeanRegistrar$SpringApplicationAdmin [RMI TCP Connection(34)-127.0.0.1] Application shutdown requested.
2021-10-10 21:50:08,222 [INFO] org.springframework.scheduling.concurrent.ThreadPoolTaskExecutor [RMI TCP Connection(34)-127.0.0.1] Shutting down ExecutorService 'applicationTaskExecutor'
2021-10-10 22:05:50,887 [INFO] com.joybrata.springbootpaytmpayment.SpringBootPaytmPaymentApplication [restartedMain] Starting SpringBootPaytmPaymentApplication on SSESIGHYB with PID 27264 (C:\Users\ssesh\Documents\workspace-spring-tool-suite-4-4.12.0.RELEASE\spring-boot-paytm-payment-master\target\classes started by ssesh in C:\Users\ssesh\Documents\workspace-spring-tool-suite-4-4.12.0.RELEASE\spring-boot-paytm-payment-master)
2021-10-10 22:05:50,940 [DEBUG] com.joybrata.springbootpaytmpayment.SpringBootPaytmPaymentApplication [restartedMain] Running with Spring Boot v2.3.3.RELEASE, Spring v5.2.8.RELEASE
2021-10-10 22:05:50,951 [INFO] com.joybrata.springbootpaytmpayment.SpringBootPaytmPaymentApplication [restartedMain] No active profile set, falling back to default profiles: default
2021-10-10 22:05:52,251 [INFO] org.springframework.boot.devtools.env.DevToolsPropertyDefaultsPostProcessor [restartedMain] Devtools property defaults active! Set 'spring.devtools.add-properties' to 'false' to disable
2021-10-10 22:05:52,271 [INFO] org.springframework.boot.devtools.env.DevToolsPropertyDefaultsPostProcessor [restartedMain] For additional web related logging consider setting the 'logging.level.web' property to 'DEBUG'
2021-10-10 22:05:59,719 [INFO] org.springframework.data.repository.config.RepositoryConfigurationDelegate [restartedMain] Bootstrapping Spring Data MongoDB repositories in DEFAULT mode.
2021-10-10 22:05:59,951 [INFO] org.springframework.data.repository.config.RepositoryConfigurationDelegate [restartedMain] Finished Spring Data repository scanning in 99ms. Found 0 MongoDB repository interfaces.
2021-10-10 22:06:12,240 [INFO] org.springframework.boot.web.embedded.tomcat.TomcatWebServer [restartedMain] Tomcat initialized with port(s): 9069 (http)
2021-10-10 22:06:12,634 [INFO] org.apache.catalina.core.StandardService [restartedMain] Starting service [Tomcat]
2021-10-10 22:06:12,654 [INFO] org.apache.catalina.core.StandardEngine [restartedMain] Starting Servlet engine: [Apache Tomcat/9.0.37]
2021-10-10 22:06:14,353 [INFO] org.apache.catalina.core.ContainerBase.[Tomcat].[localhost].[/] [restartedMain] Initializing Spring embedded WebApplicationContext
2021-10-10 22:06:14,448 [INFO] org.springframework.boot.web.servlet.context.ServletWebServerApplicationContext [restartedMain] Root WebApplicationContext: initialization completed in 22176 ms
2021-10-10 22:06:16,921 [INFO] org.springframework.scheduling.concurrent.ThreadPoolTaskExecutor [restartedMain] Initializing ExecutorService 'applicationTaskExecutor'
2021-10-10 22:06:20,552 [INFO] org.mongodb.driver.cluster [restartedMain] Cluster created with settings {hosts=[localhost:27017], mode=SINGLE, requiredClusterType=UNKNOWN, serverSelectionTimeout='30000 ms'}
2021-10-10 22:06:21,096 [INFO] org.mongodb.driver.cluster [cluster-ClusterId{value='61631684c424ea497897463a', description='null'}-localhost:27017] Exception in monitor thread while connecting to server localhost:27017
com.mongodb.MongoSocketOpenException: Exception opening socket
	at com.mongodb.internal.connection.SocketStream.open(SocketStream.java:70)
	at com.mongodb.internal.connection.InternalStreamConnection.open(InternalStreamConnection.java:127)
	at com.mongodb.internal.connection.DefaultServerMonitor$ServerMonitorRunnable.run(DefaultServerMonitor.java:117)
	at java.base/java.lang.Thread.run(Thread.java:831)
Caused by: java.net.ConnectException: Connection refused: no further information
	at java.base/sun.nio.ch.Net.pollConnect(Native Method)
	at java.base/sun.nio.ch.Net.pollConnectNow(Net.java:669)
	at java.base/sun.nio.ch.NioSocketImpl.timedFinishConnect(NioSocketImpl.java:542)
	at java.base/sun.nio.ch.NioSocketImpl.connect(NioSocketImpl.java:597)
	at java.base/java.net.SocksSocketImpl.connect(SocksSocketImpl.java:333)
	at java.base/java.net.Socket.connect(Socket.java:645)
	at com.mongodb.internal.connection.SocketStreamHelper.initialize(SocketStreamHelper.java:63)
	at com.mongodb.internal.connection.SocketStream.initializeSocket(SocketStream.java:79)
	at com.mongodb.internal.connection.SocketStream.open(SocketStream.java:65)
	... 3 common frames omitted
2021-10-10 22:06:22,724 [WARN] org.springframework.boot.devtools.autoconfigure.OptionalLiveReloadServer [restartedMain] Unable to start LiveReload server
2021-10-10 22:06:24,125 [INFO] org.springframework.boot.web.embedded.tomcat.TomcatWebServer [restartedMain] Tomcat started on port(s): 9069 (http) with context path ''
2021-10-10 22:06:24,158 [INFO] com.joybrata.springbootpaytmpayment.SpringBootPaytmPaymentApplication [restartedMain] Started SpringBootPaytmPaymentApplication in 42.342 seconds (JVM running for 51.67)
2021-10-10 22:10:17,896 [INFO] org.apache.catalina.core.ContainerBase.[Tomcat].[localhost].[/] [http-nio-9069-exec-1] Initializing Spring DispatcherServlet 'dispatcherServlet'
2021-10-10 22:10:17,909 [INFO] org.springframework.web.servlet.DispatcherServlet [http-nio-9069-exec-1] Initializing Servlet 'dispatcherServlet'
2021-10-10 22:10:17,996 [INFO] org.springframework.web.servlet.DispatcherServlet [http-nio-9069-exec-1] Completed initialization in 85 ms
2021-10-10 22:10:18,283 [ERROR] com.joybrata.springbootpaytmpayment.PaymentController [http-nio-9069-exec-1] GetMapping() method executed
2021-10-10 22:11:03,045 [ERROR] com.joybrata.springbootpaytmpayment.PaymentController [http-nio-9069-exec-6] PostMapping() method executed
2021-10-10 22:23:00,515 [INFO] org.springframework.boot.admin.SpringApplicationAdminMXBeanRegistrar$SpringApplicationAdmin [RMI TCP Connection(20)-127.0.0.1] Application shutdown requested.
2021-10-10 22:23:00,625 [INFO] org.springframework.scheduling.concurrent.ThreadPoolTaskExecutor [RMI TCP Connection(20)-127.0.0.1] Shutting down ExecutorService 'applicationTaskExecutor'
